<?xml version="1.0" encoding="UTF-8"?>
<testng-results ignored="0" total="1" passed="1" failed="0" skipped="0">
  <reporter-output>
  </reporter-output>
  <suite started-at="2023-07-29T00:36:53 IST" name="Default suite" finished-at="2023-07-29T00:37:23 IST" duration-ms="30274">
    <groups>
    </groups>
    <test started-at="2023-07-29T00:36:53 IST" name="Default test" finished-at="2023-07-29T00:37:23 IST" duration-ms="30274">
      <class name="com.actitime.testscripts.CustomerModule">
        <test-method is-config="true" signature="openBrowser()[pri:0, instance:com.actitime.testscripts.CustomerModule@694abbdc]" started-at="2023-07-29T00:36:53 IST" name="openBrowser" finished-at="2023-07-29T00:37:12 IST" duration-ms="19314" status="PASS">
          <reporter-output>
          </reporter-output>
        </test-method> <!-- openBrowser -->
        <test-method signature="CreateCustomer()[pri:0, instance:com.actitime.testscripts.CustomerModule@694abbdc]" started-at="2023-07-29T00:37:12 IST" name="CreateCustomer" finished-at="2023-07-29T00:37:23 IST" duration-ms="10893" status="PASS">
          <reporter-output>
          </reporter-output>
        </test-method> <!-- CreateCustomer -->
        <test-method is-config="true" signature="closeBrowser()[pri:0, instance:com.actitime.testscripts.CustomerModule@694abbdc]" started-at="2023-07-29T00:37:23 IST" name="closeBrowser" finished-at="2023-07-29T00:37:23 IST" duration-ms="1" status="PASS">
          <reporter-output>
          </reporter-output>
        </test-method> <!-- closeBrowser -->
      </class> <!-- com.actitime.testscripts.CustomerModule -->
    </test> <!-- Default test -->
  </suite> <!-- Default suite -->
</testng-results>
